<?xml version="1.0" encoding="UTF-8"?>
<!-- Generated by org.testng.reporters.JUnitReportReporter -->
<testsuite hostname="DESKTOP-2NOPBE7" failures="0" tests="2" name="FinalProjekt.test.CreateAccountTest" time="15.000" errors="0" timestamp="2020-04-11T14:07:37 CEST" skipped="0">
  <testcase classname="FinalProjekt.test.CreateAccountTest" name="RegisterCustomert" time="7.626"/>
  <system-out/>
  <testcase classname="FinalProjekt.test.CreateAccountTest" name="testX" time="7.374"/>
  <system-out/>
</testsuite> <!-- FinalProjekt.test.CreateAccountTest -->
