<?xml version="1.0" encoding="UTF-8"?>
<!-- Generated by org.testng.reporters.JUnitReportReporter -->
<testsuite hostname="DESKTOP-2NOPBE7" failures="0" tests="3" name="FinalProjekt.test.TestAddDresses" time="13.222" errors="0" timestamp="2020-04-10T12:09:22 CEST" skipped="0">
  <testcase classname="FinalProjekt.test.TestAddDresses" name="testProceede" time="4.311"/>
  <system-out/>
  <testcase classname="FinalProjekt.test.TestAddDresses" name="testProceedd" time="2.564"/>
  <system-out/>
  <testcase classname="FinalProjekt.test.TestAddDresses" name="testAddDresses" time="6.347"/>
  <system-out/>
</testsuite> <!-- FinalProjekt.test.TestAddDresses -->
