<?xml version="1.0" encoding="UTF-8"?>
<!-- Generated by org.testng.reporters.JUnitReportReporter -->
<testsuite hostname="DESKTOP-2NOPBE7" failures="0" tests="5" name="FinalProjekt.test.AddDressesTest" time="29.854" errors="0" timestamp="2020-04-10T14:00:15 CEST" skipped="0">
  <testcase classname="FinalProjekt.test.AddDressesTest" name="testA" time="6.172"/>
  <system-out/>
  <testcase classname="FinalProjekt.test.AddDressesTest" name="testB" time="4.916"/>
  <system-out/>
  <testcase classname="FinalProjekt.test.AddDressesTest" name="testC" time="9.363"/>
  <system-out/>
  <testcase classname="FinalProjekt.test.AddDressesTest" name="testD" time="5.525"/>
  <system-out/>
  <testcase classname="FinalProjekt.test.AddDressesTest" name="testProceedd" time="3.878"/>
  <system-out/>
</testsuite> <!-- FinalProjekt.test.AddDressesTest -->
