<?xml version="1.0" encoding="UTF-8"?>
<!-- Generated by org.testng.reporters.JUnitReportReporter -->
<testsuite hostname="DESKTOP-2NOPBE7" failures="0" tests="3" name="FinalProjekt.test.SummerDressTest" time="13.547" errors="0" timestamp="2020-04-10T10:22:32 CEST" skipped="0">
  <testcase classname="FinalProjekt.test.SummerDressTest" name="testEView" time="7.672"/>
  <system-out/>
  <testcase classname="FinalProjekt.test.SummerDressTest" name="testProceed" time="2.189"/>
  <system-out/>
  <testcase classname="FinalProjekt.test.SummerDressTest" name="testProceede" time="3.686"/>
  <system-out/>
</testsuite> <!-- FinalProjekt.test.SummerDressTest -->
