<?xml version="1.0" encoding="UTF-8"?>
<!-- Generated by org.testng.reporters.JUnitReportReporter -->
<testsuite hostname="DESKTOP-2NOPBE7" failures="0" tests="3" name="FinalProjekt.test.HomePgTest" time="13.487" errors="0" timestamp="2020-04-10T13:54:53 CEST" skipped="0">
  <testcase classname="FinalProjekt.test.HomePgTest" name="testA" time="6.605"/>
  <system-out/>
  <testcase classname="FinalProjekt.test.HomePgTest" name="testB" time="2.382"/>
  <system-out/>
  <testcase classname="FinalProjekt.test.HomePgTest" name="testC" time="4.500"/>
  <system-out/>
</testsuite> <!-- FinalProjekt.test.HomePgTest -->
