<?xml version="1.0" encoding="UTF-8"?>
<!-- Generated by org.testng.reporters.JUnitReportReporter -->
<testsuite hostname="DESKTOP-2NOPBE7" failures="0" tests="6" name="FinalProjekt.test.NewUserTest" time="22.826" errors="0" timestamp="2020-04-11T14:06:17 CEST" skipped="0">
  <testcase classname="FinalProjekt.test.NewUserTest" name="testNavigateWomen" time="6.122"/>
  <system-out/>
  <testcase classname="FinalProjekt.test.NewUserTest" name="testNavigateDress" time="2.832"/>
  <system-out/>
  <testcase classname="FinalProjekt.test.NewUserTest" name="testContained" time="4.341"/>
  <system-out/>
  <testcase classname="FinalProjekt.test.NewUserTest" name="testAdd" time="3.850"/>
  <system-out/>
  <testcase classname="FinalProjekt.test.NewUserTest" name="testProceed" time="2.369"/>
  <system-out/>
  <testcase classname="FinalProjekt.test.NewUserTest" name="testNewProceed" time="3.312"/>
  <system-out/>
</testsuite> <!-- FinalProjekt.test.NewUserTest -->
